xrun(64): 24.09-s001: (c) Copyright 1995-2024 Cadence Design Systems, Inc.
TOOL:	xrun(64)	24.09-s001: Started on May 19, 2025 at 14:15:29 -03
xrun
	-64bit
	-timescale 1ns/10ps
	/home/ci_inovador/Documentos/rom/frontend/source/matrix.sv
	/home/ci_inovador/Documentos/rom/frontend/source/hdec.sv
	/home/ci_inovador/Documentos/rom/frontend/source/rom.sv
	/home/ci_inovador/Documentos/rom/frontend/testbench/rom_tb.sv
	-access +rwc
	-top rom_tb
	-define dir_home="../encoder/rom.hex"
file: /home/ci_inovador/Documentos/rom/frontend/source/matrix.sv
	module worklib.matrix:sv
		errors: 0, warnings: 0
file: /home/ci_inovador/Documentos/rom/frontend/source/hdec.sv
	module worklib.hdec:sv
		errors: 0, warnings: 0
file: /home/ci_inovador/Documentos/rom/frontend/source/rom.sv
	module worklib.rom:sv
		errors: 0, warnings: 0
file: /home/ci_inovador/Documentos/rom/frontend/testbench/rom_tb.sv
	module worklib.rom_tb:sv
		errors: 0, warnings: 0
	Elaborating the design hierarchy:
		Caching library 'worklib' ....... Done
	Top level design units:
		$unit_0x12a17026
		rom_tb
    .d_out(hdec_out)
                  |
xmelab: *W,CUVMPW (../source/rom.sv,16|18): port sizes differ in port connection(33/32) for the instance(rom_tb.dut) .
	Building instance overlay tables: .................... Done
	Generating native compiled code:
		worklib.rom:sv <0x69e354d8>
			streams:   1, words:   408
		worklib.rom_tb:sv <0x11f9b9c4>
			streams:  11, words:  8737
		worklib.hdec:sv <0x2f98e97a>
			streams:   4, words:  4420
		worklib.matrix:sv <0x3e8b21c8>
			streams:   2, words:   768
		worklib.\$unit_0x12a17026 :compilation_unit <0x0d1d7858>
			streams:   0, words:     0
	Building instance specific data structures.
	Loading native compiled code:     .................... Done
	Design hierarchy summary:
		                  Instances  Unique
		Modules:                  4       4
		Registers:               16      16
		Scalar wires:             2       -
		Expanded wires:          32       1
		Vectored wires:           6       -
		Always blocks:            6       6
		Initial blocks:           6       6
		Cont. assignments:        2       2
		Pseudo assignments:       3       -
		Compilation units:        1       1
		Simulation timescale:  10ps
	Writing initial simulation snapshot: worklib.rom_tb:sv
Loading snapshot worklib.rom_tb:sv .................... Done
xcelium> source /home/tools/cadence/installs/XCELIUM2409/tools/xcelium/files/xmsimrc
xcelium> run
Correto! adr=0, esperado=43f93dc5, recebido=43f93dc5
Correto! adr=1, esperado=7601f38f, recebido=7601f38f
Correto! adr=2, esperado=117b8ce3, recebido=117b8ce3
Correto! adr=3, esperado=eab9808e, recebido=eab9808e
Correto! adr=4, esperado=220438b6, recebido=220438b6
Correto! adr=5, esperado=3cd5df5a, recebido=3cd5df5a
Correto! adr=6, esperado=04b023c9, recebido=04b023c9
Correto! adr=7, esperado=e06d085c, recebido=e06d085c
Correto! adr=8, esperado=6956bd8e, recebido=6956bd8e
Correto! adr=9, esperado=88546b4c, recebido=88546b4c
Correto! adr=10, esperado=20357b16, recebido=20357b16
Correto! adr=11, esperado=60a4ed46, recebido=60a4ed46
Correto! adr=12, esperado=02657192, recebido=02657192
Correto! adr=13, esperado=1007ceac, recebido=1007ceac
Correto! adr=14, esperado=2efa8e8c, recebido=2efa8e8c
Correto! adr=15, esperado=cbc954c1, recebido=cbc954c1
Correto! adr=16, esperado=c8f7a9e3, recebido=c8f7a9e3
Correto! adr=17, esperado=8aa0d300, recebido=8aa0d300
Correto! adr=18, esperado=21f76d8a, recebido=21f76d8a
Correto! adr=19, esperado=2238703e, recebido=2238703e
Correto! adr=20, esperado=fd9bceff, recebido=fd9bceff
Correto! adr=21, esperado=db7fc385, recebido=db7fc385
Correto! adr=22, esperado=59b4968b, recebido=59b4968b
Correto! adr=23, esperado=c9b424ad, recebido=c9b424ad
Correto! adr=24, esperado=e72f303d, recebido=e72f303d
Correto! adr=25, esperado=f02f4cba, recebido=f02f4cba
Correto! adr=26, esperado=1fc3c2a5, recebido=1fc3c2a5
Correto! adr=27, esperado=02f0a1f7, recebido=02f0a1f7
Correto! adr=28, esperado=a45b4752, recebido=a45b4752
Correto! adr=29, esperado=4de84bd4, recebido=4de84bd4
Correto! adr=30, esperado=5042210c, recebido=5042210c
Correto! adr=31, esperado=0f08ea81, recebido=0f08ea81
Correto! adr=32, esperado=2d126bd1, recebido=2d126bd1
Correto! adr=33, esperado=4f0c8e49, recebido=4f0c8e49
Correto! adr=34, esperado=335c028f, recebido=335c028f
Correto! adr=35, esperado=05064aae, recebido=05064aae
Correto! adr=36, esperado=8416f6a5, recebido=8416f6a5
Correto! adr=37, esperado=10ac8148, recebido=10ac8148
Correto! adr=38, esperado=86c6f518, recebido=86c6f518
Correto! adr=39, esperado=5760c05c, recebido=5760c05c
Correto! adr=40, esperado=1872d597, recebido=1872d597
Correto! adr=41, esperado=1002d13d, recebido=1002d13d
Correto! adr=42, esperado=b7454f2f, recebido=b7454f2f
Correto! adr=43, esperado=09775264, recebido=09775264
Correto! adr=44, esperado=56ff8ecc, recebido=56ff8ecc
Correto! adr=45, esperado=77f7f94f, recebido=77f7f94f
Correto! adr=46, esperado=4a242b75, recebido=4a242b75
Correto! adr=47, esperado=9518581c, recebido=9518581c
Correto! adr=48, esperado=6be2b446, recebido=6be2b446
Correto! adr=49, esperado=1e9dc2e3, recebido=1e9dc2e3
Correto! adr=50, esperado=76c0d42b, recebido=76c0d42b
Correto! adr=51, esperado=7ffdb0d6, recebido=7ffdb0d6
Correto! adr=52, esperado=340bc760, recebido=340bc760
Correto! adr=53, esperado=32b3b519, recebido=32b3b519
Correto! adr=54, esperado=efff9eaa, recebido=efff9eaa
Correto! adr=55, esperado=a14aeb60, recebido=a14aeb60
Correto! adr=56, esperado=5eb68c54, recebido=5eb68c54
Correto! adr=57, esperado=9926744c, recebido=9926744c
Correto! adr=58, esperado=ddd236eb, recebido=ddd236eb
Correto! adr=59, esperado=17125d85, recebido=17125d85
Correto! adr=60, esperado=beebcdb7, recebido=beebcdb7
Correto! adr=61, esperado=fa8d1195, recebido=fa8d1195
Correto! adr=62, esperado=06b95aff, recebido=06b95aff
Correto! adr=63, esperado=ebd22b88, recebido=ebd22b88
Correto! adr=64, esperado=cd008ffa, recebido=cd008ffa
Correto! adr=65, esperado=80aa4a47, recebido=80aa4a47
Correto! adr=66, esperado=293d0695, recebido=293d0695
Correto! adr=67, esperado=6bf33fae, recebido=6bf33fae
Correto! adr=68, esperado=5814b4e9, recebido=5814b4e9
Correto! adr=69, esperado=43eeb771, recebido=43eeb771
Correto! adr=70, esperado=85760e79, recebido=85760e79
Correto! adr=71, esperado=2b4a31b3, recebido=2b4a31b3
Correto! adr=72, esperado=67930f2d, recebido=67930f2d
Correto! adr=73, esperado=68f3ed61, recebido=68f3ed61
Correto! adr=74, esperado=96842c11, recebido=96842c11
Correto! adr=75, esperado=ba991e51, recebido=ba991e51
Correto! adr=76, esperado=4cb7e5cc, recebido=4cb7e5cc
Correto! adr=77, esperado=ee018b1e, recebido=ee018b1e
Correto! adr=78, esperado=fc1878e0, recebido=fc1878e0
Correto! adr=79, esperado=0d0e6ebf, recebido=0d0e6ebf
Correto! adr=80, esperado=e403e7a6, recebido=e403e7a6
Correto! adr=81, esperado=288c39eb, recebido=288c39eb
Correto! adr=82, esperado=93ea5a06, recebido=93ea5a06
Correto! adr=83, esperado=8dc1902e, recebido=8dc1902e
Correto! adr=84, esperado=06c78ef7, recebido=06c78ef7
Correto! adr=85, esperado=f2b39cc9, recebido=f2b39cc9
Correto! adr=86, esperado=c343dbbc, recebido=c343dbbc
Correto! adr=87, esperado=e5389b4b, recebido=e5389b4b
Correto! adr=88, esperado=2ca1f4da, recebido=2ca1f4da
Correto! adr=89, esperado=88c02ff3, recebido=88c02ff3
Correto! adr=90, esperado=f0737cda, recebido=f0737cda
Correto! adr=91, esperado=6ee4ebc2, recebido=6ee4ebc2
Correto! adr=92, esperado=3cf914c2, recebido=3cf914c2
Correto! adr=93, esperado=16ad1861, recebido=16ad1861
Correto! adr=94, esperado=2c596a53, recebido=2c596a53
Correto! adr=95, esperado=5ea3a7b7, recebido=5ea3a7b7
Correto! adr=96, esperado=90838001, recebido=90838001
Correto! adr=97, esperado=f59be348, recebido=f59be348
Correto! adr=98, esperado=0be02ab5, recebido=0be02ab5
Correto! adr=99, esperado=963e374d, recebido=963e374d
Correto! adr=100, esperado=22be8143, recebido=22be8143
Correto! adr=101, esperado=995a3597, recebido=995a3597
Correto! adr=102, esperado=b17eb9ab, recebido=b17eb9ab
Correto! adr=103, esperado=2aebac22, recebido=2aebac22
Correto! adr=104, esperado=f379b012, recebido=f379b012
Correto! adr=105, esperado=2de66b79, recebido=2de66b79
Correto! adr=106, esperado=06b5137d, recebido=06b5137d
Correto! adr=107, esperado=9aca18cf, recebido=9aca18cf
Correto! adr=108, esperado=984bf452, recebido=984bf452
Correto! adr=109, esperado=e4e727d8, recebido=e4e727d8
Correto! adr=110, esperado=2594308d, recebido=2594308d
Correto! adr=111, esperado=b26ad86a, recebido=b26ad86a
Correto! adr=112, esperado=fe18f9c3, recebido=fe18f9c3
Correto! adr=113, esperado=f32ed3d6, recebido=f32ed3d6
Correto! adr=114, esperado=f23570da, recebido=f23570da
Correto! adr=115, esperado=2243c605, recebido=2243c605
Correto! adr=116, esperado=5a911384, recebido=5a911384
Correto! adr=117, esperado=3e3d0e54, recebido=3e3d0e54
Correto! adr=118, esperado=e43f777f, recebido=e43f777f
Correto! adr=119, esperado=c43c642e, recebido=c43c642e
Correto! adr=120, esperado=4db28f8d, recebido=4db28f8d
Correto! adr=121, esperado=b9bd0b6d, recebido=b9bd0b6d
Correto! adr=122, esperado=00647633, recebido=00647633
Correto! adr=123, esperado=9124f46f, recebido=9124f46f
Correto! adr=124, esperado=33437a33, recebido=33437a33
Correto! adr=125, esperado=7507e3f9, recebido=7507e3f9
Correto! adr=126, esperado=01e1e8c8, recebido=01e1e8c8
Correto! adr=127, esperado=463b7ece, recebido=463b7ece
Correto! adr=128, esperado=a45ad1a6, recebido=a45ad1a6
Correto! adr=129, esperado=589ed50d, recebido=589ed50d
Correto! adr=130, esperado=b403c0ae, recebido=b403c0ae
Correto! adr=131, esperado=baa8c94d, recebido=baa8c94d
Correto! adr=132, esperado=28d62973, recebido=28d62973
Correto! adr=133, esperado=93b26f78, recebido=93b26f78
Correto! adr=134, esperado=7b9e006f, recebido=7b9e006f
Correto! adr=135, esperado=e5023f68, recebido=e5023f68
Correto! adr=136, esperado=18e4be04, recebido=18e4be04
Correto! adr=137, esperado=b99db745, recebido=b99db745
Correto! adr=138, esperado=1096c733, recebido=1096c733
Correto! adr=139, esperado=90cac99c, recebido=90cac99c
Correto! adr=140, esperado=ae7bf81d, recebido=ae7bf81d
Correto! adr=141, esperado=8f67333e, recebido=8f67333e
Correto! adr=142, esperado=6759cc3c, recebido=6759cc3c
Correto! adr=143, esperado=c3ed94dc, recebido=c3ed94dc
Correto! adr=144, esperado=46e2605f, recebido=46e2605f
Correto! adr=145, esperado=8943ec65, recebido=8943ec65
Correto! adr=146, esperado=ca614a68, recebido=ca614a68
Correto! adr=147, esperado=d445ca1c, recebido=d445ca1c
Correto! adr=148, esperado=d42702c7, recebido=d42702c7
Correto! adr=149, esperado=f8115d7b, recebido=f8115d7b
Correto! adr=150, esperado=23b45bb4, recebido=23b45bb4
Correto! adr=151, esperado=2d1635c9, recebido=2d1635c9
Correto! adr=152, esperado=7ea7422e, recebido=7ea7422e
Correto! adr=153, esperado=e6dd527b, recebido=e6dd527b
Correto! adr=154, esperado=7665c4b6, recebido=7665c4b6
Correto! adr=155, esperado=c493df4c, recebido=c493df4c
Correto! adr=156, esperado=768b1bc9, recebido=768b1bc9
Correto! adr=157, esperado=a85db81d, recebido=a85db81d
Correto! adr=158, esperado=88133020, recebido=88133020
Correto! adr=159, esperado=4159908d, recebido=4159908d
Correto! adr=160, esperado=f546daa8, recebido=f546daa8
Correto! adr=161, esperado=14755b56, recebido=14755b56
Correto! adr=162, esperado=ba67da41, recebido=ba67da41
Correto! adr=163, esperado=cff14d6b, recebido=cff14d6b
Correto! adr=164, esperado=6f1a3b39, recebido=6f1a3b39
Correto! adr=165, esperado=75b498d4, recebido=75b498d4
Correto! adr=166, esperado=1498ac85, recebido=1498ac85
Correto! adr=167, esperado=a850bb47, recebido=a850bb47
Correto! adr=168, esperado=f493fec4, recebido=f493fec4
Correto! adr=169, esperado=26d6fc85, recebido=26d6fc85
Correto! adr=170, esperado=7ce8c8f3, recebido=7ce8c8f3
Correto! adr=171, esperado=43597879, recebido=43597879
Correto! adr=172, esperado=c409eeee, recebido=c409eeee
Correto! adr=173, esperado=e041d10f, recebido=e041d10f
Correto! adr=174, esperado=222785ac, recebido=222785ac
Correto! adr=175, esperado=405763d7, recebido=405763d7
Correto! adr=176, esperado=0b205138, recebido=0b205138
Correto! adr=177, esperado=b58b9f58, recebido=b58b9f58
Correto! adr=178, esperado=152dd870, recebido=152dd870
Correto! adr=179, esperado=fa85d433, recebido=fa85d433
Correto! adr=180, esperado=d849ca80, recebido=d849ca80
Correto! adr=181, esperado=c2f19dfd, recebido=c2f19dfd
Correto! adr=182, esperado=1262321b, recebido=1262321b
Correto! adr=183, esperado=ce88bfdb, recebido=ce88bfdb
Correto! adr=184, esperado=3c41b27d, recebido=3c41b27d
Correto! adr=185, esperado=8adf10dc, recebido=8adf10dc
Correto! adr=186, esperado=7b38ca22, recebido=7b38ca22
Correto! adr=187, esperado=0ff1d419, recebido=0ff1d419
Correto! adr=188, esperado=9b8fd745, recebido=9b8fd745
Correto! adr=189, esperado=036d988d, recebido=036d988d
Correto! adr=190, esperado=7fad5a19, recebido=7fad5a19
Correto! adr=191, esperado=aebe7cb3, recebido=aebe7cb3
Correto! adr=192, esperado=3007b0c8, recebido=3007b0c8
Correto! adr=193, esperado=53de71e2, recebido=53de71e2
Correto! adr=194, esperado=77cb492e, recebido=77cb492e
Correto! adr=195, esperado=8cd9db6a, recebido=8cd9db6a
Correto! adr=196, esperado=ba4b0454, recebido=ba4b0454
Correto! adr=197, esperado=4221a56d, recebido=4221a56d
Correto! adr=198, esperado=6d2a47ad, recebido=6d2a47ad
Correto! adr=199, esperado=8395af7d, recebido=8395af7d
Correto! adr=200, esperado=6347f811, recebido=6347f811
Correto! adr=201, esperado=505126f8, recebido=505126f8
Correto! adr=202, esperado=d46b5a7c, recebido=d46b5a7c
Correto! adr=203, esperado=19362d25, recebido=19362d25
Correto! adr=204, esperado=cdb39685, recebido=cdb39685
Correto! adr=205, esperado=8a37e50d, recebido=8a37e50d
Correto! adr=206, esperado=76bd569e, recebido=76bd569e
Correto! adr=207, esperado=e667c519, recebido=e667c519
Correto! adr=208, esperado=5794c20f, recebido=5794c20f
Correto! adr=209, esperado=02c5c86e, recebido=02c5c86e
Correto! adr=210, esperado=8b5accb2, recebido=8b5accb2
Correto! adr=211, esperado=abc4dc09, recebido=abc4dc09
Correto! adr=212, esperado=8bb9986e, recebido=8bb9986e
Correto! adr=213, esperado=019ba39c, recebido=019ba39c
Correto! adr=214, esperado=01096473, recebido=01096473
Correto! adr=215, esperado=17507225, recebido=17507225
Correto! adr=216, esperado=c33f4639, recebido=c33f4639
Correto! adr=217, esperado=e0841252, recebido=e0841252
Correto! adr=218, esperado=f79ba838, recebido=f79ba838
Correto! adr=219, esperado=39feba95, recebido=39feba95
Correto! adr=220, esperado=f70f4a66, recebido=f70f4a66
Correto! adr=221, esperado=98f84908, recebido=98f84908
Correto! adr=222, esperado=69704074, recebido=69704074
Correto! adr=223, esperado=ad2aa301, recebido=ad2aa301
Correto! adr=224, esperado=c15d29c6, recebido=c15d29c6
Correto! adr=225, esperado=0199d473, recebido=0199d473
Correto! adr=226, esperado=04f19f35, recebido=04f19f35
Correto! adr=227, esperado=681f4b09, recebido=681f4b09
Correto! adr=228, esperado=8f299285, recebido=8f299285
Correto! adr=229, esperado=bbb84901, recebido=bbb84901
Correto! adr=230, esperado=36151ba6, recebido=36151ba6
Correto! adr=231, esperado=45916bcb, recebido=45916bcb
Correto! adr=232, esperado=01c0efad, recebido=01c0efad
Correto! adr=233, esperado=d0d0e260, recebido=d0d0e260
Correto! adr=234, esperado=5fdf7d8f, recebido=5fdf7d8f
Correto! adr=235, esperado=3922af62, recebido=3922af62
Correto! adr=236, esperado=803a6ca1, recebido=803a6ca1
Correto! adr=237, esperado=000712f6, recebido=000712f6
Correto! adr=238, esperado=45dcf8d2, recebido=45dcf8d2
Correto! adr=239, esperado=34dff863, recebido=34dff863
Correto! adr=240, esperado=f8fc68a4, recebido=f8fc68a4
Correto! adr=241, esperado=bbb20368, recebido=bbb20368
Correto! adr=242, esperado=a5a898ee, recebido=a5a898ee
Correto! adr=243, esperado=bec19960, recebido=bec19960
Correto! adr=244, esperado=d3355a52, recebido=d3355a52
Correto! adr=245, esperado=d6d00216, recebido=d6d00216
Correto! adr=246, esperado=00681c7d, recebido=00681c7d
Correto! adr=247, esperado=362f7c67, recebido=362f7c67
Correto! adr=248, esperado=10622323, recebido=10622323
Correto! adr=249, esperado=e28ce29b, recebido=e28ce29b
Correto! adr=250, esperado=944f40b8, recebido=944f40b8
Correto! adr=251, esperado=c9793a82, recebido=c9793a82
Correto! adr=252, esperado=9dcdd2ee, recebido=9dcdd2ee
Correto! adr=253, esperado=3bbd4d4f, recebido=3bbd4d4f
Correto! adr=254, esperado=861b7cf0, recebido=861b7cf0
Correto! adr=255, esperado=1b5d2336, recebido=1b5d2336
Correto! adr=256, esperado=d608db62, recebido=d608db62
Correto! adr=257, esperado=c868fec7, recebido=c868fec7
Correto! adr=258, esperado=3a972e15, recebido=3a972e15
Correto! adr=259, esperado=98843407, recebido=98843407
Correto! adr=260, esperado=3274b38c, recebido=3274b38c
Correto! adr=261, esperado=653af751, recebido=653af751
Correto! adr=262, esperado=e0193231, recebido=e0193231
Correto! adr=263, esperado=7d03fff0, recebido=7d03fff0
Correto! adr=264, esperado=2cbeeb56, recebido=2cbeeb56
Correto! adr=265, esperado=03119a7b, recebido=03119a7b
Correto! adr=266, esperado=2803f3ec, recebido=2803f3ec
Correto! adr=267, esperado=89dc86ee, recebido=89dc86ee
Correto! adr=268, esperado=505eaf04, recebido=505eaf04
Correto! adr=269, esperado=7472be8b, recebido=7472be8b
Correto! adr=270, esperado=3044e607, recebido=3044e607
Correto! adr=271, esperado=6a7dfd74, recebido=6a7dfd74
Correto! adr=272, esperado=7c19bab7, recebido=7c19bab7
Correto! adr=273, esperado=eb12ac06, recebido=eb12ac06
Correto! adr=274, esperado=9cd66ee3, recebido=9cd66ee3
Correto! adr=275, esperado=ca3e83f6, recebido=ca3e83f6
Correto! adr=276, esperado=537ebdec, recebido=537ebdec
Correto! adr=277, esperado=25500d2c, recebido=25500d2c
Correto! adr=278, esperado=e14043f9, recebido=e14043f9
Correto! adr=279, esperado=19e5ce60, recebido=19e5ce60
Correto! adr=280, esperado=e06b2efb, recebido=e06b2efb
Correto! adr=281, esperado=4bb6cd78, recebido=4bb6cd78
Correto! adr=282, esperado=ba143562, recebido=ba143562
Correto! adr=283, esperado=0523bb9e, recebido=0523bb9e
Correto! adr=284, esperado=64878e9b, recebido=64878e9b
Correto! adr=285, esperado=7e7ee922, recebido=7e7ee922
Correto! adr=286, esperado=d670694f, recebido=d670694f
Correto! adr=287, esperado=9816dd14, recebido=9816dd14
Correto! adr=288, esperado=5ac71b5b, recebido=5ac71b5b
Correto! adr=289, esperado=13092c9e, recebido=13092c9e
Correto! adr=290, esperado=b17e078f, recebido=b17e078f
Correto! adr=291, esperado=14c8ee25, recebido=14c8ee25
Correto! adr=292, esperado=a8ebf529, recebido=a8ebf529
Correto! adr=293, esperado=8167e41d, recebido=8167e41d
Correto! adr=294, esperado=9bf5550e, recebido=9bf5550e
Correto! adr=295, esperado=78ac3bae, recebido=78ac3bae
Correto! adr=296, esperado=0100b0cd, recebido=0100b0cd
Correto! adr=297, esperado=01d57b09, recebido=01d57b09
Correto! adr=298, esperado=f5983f52, recebido=f5983f52
Correto! adr=299, esperado=b226fb8a, recebido=b226fb8a
Correto! adr=300, esperado=72df5b6c, recebido=72df5b6c
Correto! adr=301, esperado=da380b8c, recebido=da380b8c
Correto! adr=302, esperado=96b557ff, recebido=96b557ff
Correto! adr=303, esperado=8602940d, recebido=8602940d
Correto! adr=304, esperado=2daaee07, recebido=2daaee07
Correto! adr=305, esperado=5ba5de08, recebido=5ba5de08
Correto! adr=306, esperado=69a64052, recebido=69a64052
Correto! adr=307, esperado=24f9d38b, recebido=24f9d38b
Correto! adr=308, esperado=715430fb, recebido=715430fb
Correto! adr=309, esperado=8fdad89d, recebido=8fdad89d
Correto! adr=310, esperado=345184a7, recebido=345184a7
Correto! adr=311, esperado=713117d1, recebido=713117d1
Correto! adr=312, esperado=b0170f81, recebido=b0170f81
Correto! adr=313, esperado=96c4dea8, recebido=96c4dea8
Correto! adr=314, esperado=91a9e7f5, recebido=91a9e7f5
Correto! adr=315, esperado=f3bc65a9, recebido=f3bc65a9
Correto! adr=316, esperado=dffe5b2e, recebido=dffe5b2e
Correto! adr=317, esperado=b3f92040, recebido=b3f92040
Correto! adr=318, esperado=1b2d1f4f, recebido=1b2d1f4f
Correto! adr=319, esperado=82177059, recebido=82177059
Correto! adr=320, esperado=fc5bff72, recebido=fc5bff72
Correto! adr=321, esperado=0c3d59ba, recebido=0c3d59ba
Correto! adr=322, esperado=c266fd63, recebido=c266fd63
Correto! adr=323, esperado=93aa9122, recebido=93aa9122
Correto! adr=324, esperado=b74fa51b, recebido=b74fa51b
Correto! adr=325, esperado=12ff0324, recebido=12ff0324
Correto! adr=326, esperado=5a6b0dfd, recebido=5a6b0dfd
Correto! adr=327, esperado=474caec3, recebido=474caec3
Correto! adr=328, esperado=5b48c5d1, recebido=5b48c5d1
Correto! adr=329, esperado=a7db6fcc, recebido=a7db6fcc
Correto! adr=330, esperado=515ea183, recebido=515ea183
Correto! adr=331, esperado=18be14f5, recebido=18be14f5
Correto! adr=332, esperado=dc7c2f99, recebido=dc7c2f99
Correto! adr=333, esperado=e418ddb8, recebido=e418ddb8
Correto! adr=334, esperado=99ee4878, recebido=99ee4878
Correto! adr=335, esperado=462d3bee, recebido=462d3bee
Correto! adr=336, esperado=1a71f855, recebido=1a71f855
Correto! adr=337, esperado=982a752d, recebido=982a752d
Correto! adr=338, esperado=c4d6befb, recebido=c4d6befb
Correto! adr=339, esperado=e5b37fe1, recebido=e5b37fe1
Correto! adr=340, esperado=5176e140, recebido=5176e140
Correto! adr=341, esperado=792f382b, recebido=792f382b
Correto! adr=342, esperado=4a5b4847, recebido=4a5b4847
Correto! adr=343, esperado=aad5c87a, recebido=aad5c87a
Correto! adr=344, esperado=bc292a75, recebido=bc292a75
Correto! adr=345, esperado=fe74e1ed, recebido=fe74e1ed
Correto! adr=346, esperado=03cf7a32, recebido=03cf7a32
Correto! adr=347, esperado=5c042065, recebido=5c042065
Correto! adr=348, esperado=64f1d667, recebido=64f1d667
Correto! adr=349, esperado=eeefb66b, recebido=eeefb66b
Correto! adr=350, esperado=d51278b1, recebido=d51278b1
Correto! adr=351, esperado=f81e3cc6, recebido=f81e3cc6
Correto! adr=352, esperado=27845d67, recebido=27845d67
Correto! adr=353, esperado=9ec441d9, recebido=9ec441d9
Correto! adr=354, esperado=860ea151, recebido=860ea151
Correto! adr=355, esperado=8bebf4c0, recebido=8bebf4c0
Correto! adr=356, esperado=e260d123, recebido=e260d123
Correto! adr=357, esperado=dcc20828, recebido=dcc20828
Correto! adr=358, esperado=cc39a6bd, recebido=cc39a6bd
Correto! adr=359, esperado=b7a3a8f0, recebido=b7a3a8f0
Correto! adr=360, esperado=d8537023, recebido=d8537023
Correto! adr=361, esperado=8fe52482, recebido=8fe52482
Correto! adr=362, esperado=84151c3d, recebido=84151c3d
Correto! adr=363, esperado=e4659af0, recebido=e4659af0
Correto! adr=364, esperado=41f6a94d, recebido=41f6a94d
Correto! adr=365, esperado=04d4d8d0, recebido=04d4d8d0
Correto! adr=366, esperado=1ab17132, recebido=1ab17132
Correto! adr=367, esperado=29c034d7, recebido=29c034d7
Correto! adr=368, esperado=0f2c8f61, recebido=0f2c8f61
Correto! adr=369, esperado=eb620d36, recebido=eb620d36
Correto! adr=370, esperado=27275c9d, recebido=27275c9d
Correto! adr=371, esperado=e32c40b6, recebido=e32c40b6
Correto! adr=372, esperado=d8a5bc7b, recebido=d8a5bc7b
Correto! adr=373, esperado=040fbf94, recebido=040fbf94
Correto! adr=374, esperado=341db898, recebido=341db898
Correto! adr=375, esperado=f58f101b, recebido=f58f101b
Correto! adr=376, esperado=015fa596, recebido=015fa596
Correto! adr=377, esperado=7d876305, recebido=7d876305
Correto! adr=378, esperado=b946cdd9, recebido=b946cdd9
Correto! adr=379, esperado=c4ba9390, recebido=c4ba9390
Correto! adr=380, esperado=08225e05, recebido=08225e05
Correto! adr=381, esperado=021f2f61, recebido=021f2f61
Correto! adr=382, esperado=44e10f34, recebido=44e10f34
Correto! adr=383, esperado=d8eb621b, recebido=d8eb621b
Correto! adr=384, esperado=0901cafa, recebido=0901cafa
Correto! adr=385, esperado=755d60bc, recebido=755d60bc
Correto! adr=386, esperado=d5374518, recebido=d5374518
Correto! adr=387, esperado=344bb0bd, recebido=344bb0bd
Correto! adr=388, esperado=6ede4701, recebido=6ede4701
Correto! adr=389, esperado=616f66e7, recebido=616f66e7
Correto! adr=390, esperado=621f290f, recebido=621f290f
Correto! adr=391, esperado=587039f4, recebido=587039f4
Correto! adr=392, esperado=d4e4b584, recebido=d4e4b584
Correto! adr=393, esperado=14b104ec, recebido=14b104ec
Correto! adr=394, esperado=967c7140, recebido=967c7140
Correto! adr=395, esperado=fbdb153c, recebido=fbdb153c
Correto! adr=396, esperado=180d0646, recebido=180d0646
Correto! adr=397, esperado=6f2a6094, recebido=6f2a6094
Correto! adr=398, esperado=b9bc4bef, recebido=b9bc4bef
Correto! adr=399, esperado=6f797e88, recebido=6f797e88
Correto! adr=400, esperado=989c28ea, recebido=989c28ea
Correto! adr=401, esperado=600d01e3, recebido=600d01e3
Correto! adr=402, esperado=c9584af9, recebido=c9584af9
Correto! adr=403, esperado=b4238dcb, recebido=b4238dcb
Correto! adr=404, esperado=aba1706c, recebido=aba1706c
Correto! adr=405, esperado=133ac299, recebido=133ac299
Correto! adr=406, esperado=c258bf5b, recebido=c258bf5b
Correto! adr=407, esperado=401fde74, recebido=401fde74
Correto! adr=408, esperado=3c7a66a5, recebido=3c7a66a5
Correto! adr=409, esperado=cebcadb1, recebido=cebcadb1
Correto! adr=410, esperado=1ace84aa, recebido=1ace84aa
Correto! adr=411, esperado=749f26eb, recebido=749f26eb
Correto! adr=412, esperado=9e4f0fc9, recebido=9e4f0fc9
Correto! adr=413, esperado=804bcee3, recebido=804bcee3
Correto! adr=414, esperado=6b583c9a, recebido=6b583c9a
Correto! adr=415, esperado=c340c017, recebido=c340c017
Correto! adr=416, esperado=8d939dea, recebido=8d939dea
Correto! adr=417, esperado=fac9f223, recebido=fac9f223
Correto! adr=418, esperado=48a1fa79, recebido=48a1fa79
Correto! adr=419, esperado=838a1cda, recebido=838a1cda
Correto! adr=420, esperado=61889475, recebido=61889475
Correto! adr=421, esperado=e3c75322, recebido=e3c75322
Correto! adr=422, esperado=4cdf5eb3, recebido=4cdf5eb3
Correto! adr=423, esperado=78743191, recebido=78743191
Correto! adr=424, esperado=6dba5bb1, recebido=6dba5bb1
Correto! adr=425, esperado=51003cca, recebido=51003cca
Correto! adr=426, esperado=5154224e, recebido=5154224e
Correto! adr=427, esperado=05dfcb96, recebido=05dfcb96
Correto! adr=428, esperado=93804445, recebido=93804445
Correto! adr=429, esperado=15da98c4, recebido=15da98c4
Correto! adr=430, esperado=d7cf126d, recebido=d7cf126d
Correto! adr=431, esperado=1618d8c0, recebido=1618d8c0
Correto! adr=432, esperado=0380fab1, recebido=0380fab1
Correto! adr=433, esperado=c0eb6ef4, recebido=c0eb6ef4
Correto! adr=434, esperado=a42a7bcf, recebido=a42a7bcf
Correto! adr=435, esperado=af599ee0, recebido=af599ee0
Correto! adr=436, esperado=2f2a6ad3, recebido=2f2a6ad3
Correto! adr=437, esperado=496f54f9, recebido=496f54f9
Correto! adr=438, esperado=85cc0650, recebido=85cc0650
Correto! adr=439, esperado=3947e344, recebido=3947e344
Correto! adr=440, esperado=ea3a1361, recebido=ea3a1361
Correto! adr=441, esperado=6cd4cdb0, recebido=6cd4cdb0
Correto! adr=442, esperado=51270065, recebido=51270065
Correto! adr=443, esperado=72730236, recebido=72730236
Correto! adr=444, esperado=bc39c973, recebido=bc39c973
Correto! adr=445, esperado=bc3198b0, recebido=bc3198b0
Correto! adr=446, esperado=09381aa1, recebido=09381aa1
Correto! adr=447, esperado=15dbf67b, recebido=15dbf67b
Correto! adr=448, esperado=61faebf8, recebido=61faebf8
Correto! adr=449, esperado=59c8f1ce, recebido=59c8f1ce
Correto! adr=450, esperado=390c9334, recebido=390c9334
Correto! adr=451, esperado=306850d6, recebido=306850d6
Correto! adr=452, esperado=7f1f073e, recebido=7f1f073e
Correto! adr=453, esperado=668ac098, recebido=668ac098
Correto! adr=454, esperado=7d37d169, recebido=7d37d169
Correto! adr=455, esperado=266f1f85, recebido=266f1f85
Correto! adr=456, esperado=7f94e86d, recebido=7f94e86d
Correto! adr=457, esperado=1f92b7db, recebido=1f92b7db
Correto! adr=458, esperado=3d5d7125, recebido=3d5d7125
Correto! adr=459, esperado=6932c5c1, recebido=6932c5c1
Correto! adr=460, esperado=a910210a, recebido=a910210a
Correto! adr=461, esperado=aba6651f, recebido=aba6651f
Correto! adr=462, esperado=95acbe6d, recebido=95acbe6d
Correto! adr=463, esperado=dc5fc340, recebido=dc5fc340
Correto! adr=464, esperado=5c9afa76, recebido=5c9afa76
Correto! adr=465, esperado=98bb3028, recebido=98bb3028
Correto! adr=466, esperado=705da0df, recebido=705da0df
Correto! adr=467, esperado=eb8e6bb5, recebido=eb8e6bb5
Correto! adr=468, esperado=87ffd96f, recebido=87ffd96f
Correto! adr=469, esperado=09704a76, recebido=09704a76
Correto! adr=470, esperado=cf39f736, recebido=cf39f736
Correto! adr=471, esperado=4fc58e4c, recebido=4fc58e4c
Correto! adr=472, esperado=475f118c, recebido=475f118c
Correto! adr=473, esperado=928f8ec3, recebido=928f8ec3
Correto! adr=474, esperado=451062c9, recebido=451062c9
Correto! adr=475, esperado=84f60d30, recebido=84f60d30
Correto! adr=476, esperado=b69f28c3, recebido=b69f28c3
Correto! adr=477, esperado=c892508a, recebido=c892508a
Correto! adr=478, esperado=9f41830a, recebido=9f41830a
Correto! adr=479, esperado=ef7d6507, recebido=ef7d6507
Correto! adr=480, esperado=f2f68ae4, recebido=f2f68ae4
Correto! adr=481, esperado=7d1a1b7c, recebido=7d1a1b7c
Correto! adr=482, esperado=bf37a109, recebido=bf37a109
Correto! adr=483, esperado=b1a42473, recebido=b1a42473
Correto! adr=484, esperado=4c63ad1d, recebido=4c63ad1d
Correto! adr=485, esperado=ac78630a, recebido=ac78630a
Correto! adr=486, esperado=a3e8caf0, recebido=a3e8caf0
Correto! adr=487, esperado=31215391, recebido=31215391
Correto! adr=488, esperado=a733a176, recebido=a733a176
Correto! adr=489, esperado=1b2621e1, recebido=1b2621e1
Correto! adr=490, esperado=a3575f86, recebido=a3575f86
Correto! adr=491, esperado=4c94cb7b, recebido=4c94cb7b
Correto! adr=492, esperado=0d7d1a55, recebido=0d7d1a55
Correto! adr=493, esperado=a34c6967, recebido=a34c6967
Correto! adr=494, esperado=d41109af, recebido=d41109af
Correto! adr=495, esperado=410c7dc8, recebido=410c7dc8
Correto! adr=496, esperado=70a8ddf9, recebido=70a8ddf9
Correto! adr=497, esperado=323ee140, recebido=323ee140
Correto! adr=498, esperado=a6b12be9, recebido=a6b12be9
Correto! adr=499, esperado=3f82ac09, recebido=3f82ac09
Correto! adr=500, esperado=9ae2aa01, recebido=9ae2aa01
Correto! adr=501, esperado=75fa36ce, recebido=75fa36ce
Correto! adr=502, esperado=af5ebbce, recebido=af5ebbce
Correto! adr=503, esperado=b25a0f4c, recebido=b25a0f4c
Correto! adr=504, esperado=50a886e4, recebido=50a886e4
Correto! adr=505, esperado=3aad7cab, recebido=3aad7cab
Correto! adr=506, esperado=9f4a8d97, recebido=9f4a8d97
Correto! adr=507, esperado=32e7ef9a, recebido=32e7ef9a
Correto! adr=508, esperado=a2438b78, recebido=a2438b78
Correto! adr=509, esperado=782d7a2f, recebido=782d7a2f
Correto! adr=510, esperado=6e330f95, recebido=6e330f95
Correto! adr=511, esperado=2ee52b7b, recebido=2ee52b7b
Correto! adr=512, esperado=6d46106e, recebido=6d46106e
Correto! adr=513, esperado=0f7feaee, recebido=0f7feaee
Correto! adr=514, esperado=b3e375b7, recebido=b3e375b7
Correto! adr=515, esperado=3dff2f6f, recebido=3dff2f6f
Correto! adr=516, esperado=0e1453d2, recebido=0e1453d2
Correto! adr=517, esperado=3850ae38, recebido=3850ae38
Correto! adr=518, esperado=31b25509, recebido=31b25509
Correto! adr=519, esperado=2749dd74, recebido=2749dd74
Correto! adr=520, esperado=41568c8d, recebido=41568c8d
Correto! adr=521, esperado=9e7de69a, recebido=9e7de69a
Correto! adr=522, esperado=8c01af31, recebido=8c01af31
Correto! adr=523, esperado=96c56485, recebido=96c56485
Correto! adr=524, esperado=35876de5, recebido=35876de5
Correto! adr=525, esperado=2f8d095a, recebido=2f8d095a
Correto! adr=526, esperado=33bf6df3, recebido=33bf6df3
Correto! adr=527, esperado=82e00818, recebido=82e00818
Correto! adr=528, esperado=cc6a1afa, recebido=cc6a1afa
Correto! adr=529, esperado=9834ddfc, recebido=9834ddfc
Correto! adr=530, esperado=7fe64eac, recebido=7fe64eac
Correto! adr=531, esperado=41f4d79d, recebido=41f4d79d
Correto! adr=532, esperado=0c918a49, recebido=0c918a49
Correto! adr=533, esperado=71d06dc2, recebido=71d06dc2
Correto! adr=534, esperado=f6fc3dd8, recebido=f6fc3dd8
Correto! adr=535, esperado=4fc65603, recebido=4fc65603
Correto! adr=536, esperado=c2d6592a, recebido=c2d6592a
Correto! adr=537, esperado=1feee325, recebido=1feee325
Correto! adr=538, esperado=c894228e, recebido=c894228e
Correto! adr=539, esperado=c3071134, recebido=c3071134
Correto! adr=540, esperado=53e30f53, recebido=53e30f53
Correto! adr=541, esperado=5dc45960, recebido=5dc45960
Correto! adr=542, esperado=76cd1a01, recebido=76cd1a01
Correto! adr=543, esperado=72d52996, recebido=72d52996
Correto! adr=544, esperado=bdacd255, recebido=bdacd255
Correto! adr=545, esperado=7bb69be4, recebido=7bb69be4
Correto! adr=546, esperado=afd022ff, recebido=afd022ff
Correto! adr=547, esperado=cc39c98b, recebido=cc39c98b
Correto! adr=548, esperado=c8f1891d, recebido=c8f1891d
Correto! adr=549, esperado=4cd3d5e2, recebido=4cd3d5e2
Correto! adr=550, esperado=57543974, recebido=57543974
Correto! adr=551, esperado=57a88cf0, recebido=57a88cf0
Correto! adr=552, esperado=6abf6f72, recebido=6abf6f72
Correto! adr=553, esperado=c45731c6, recebido=c45731c6
Correto! adr=554, esperado=c01ce1e6, recebido=c01ce1e6
Correto! adr=555, esperado=ee85d89f, recebido=ee85d89f
Correto! adr=556, esperado=55ee197b, recebido=55ee197b
Correto! adr=557, esperado=432968b8, recebido=432968b8
Correto! adr=558, esperado=157524f8, recebido=157524f8
Correto! adr=559, esperado=a09b21ef, recebido=a09b21ef
Correto! adr=560, esperado=bca2e738, recebido=bca2e738
Correto! adr=561, esperado=955c421c, recebido=955c421c
Correto! adr=562, esperado=f4bbfae9, recebido=f4bbfae9
Correto! adr=563, esperado=49a52631, recebido=49a52631
Correto! adr=564, esperado=41cce806, recebido=41cce806
Correto! adr=565, esperado=9fb10311, recebido=9fb10311
Correto! adr=566, esperado=36d32714, recebido=36d32714
Correto! adr=567, esperado=d6c81232, recebido=d6c81232
Correto! adr=568, esperado=1aa92e1e, recebido=1aa92e1e
Correto! adr=569, esperado=bd11cdf4, recebido=bd11cdf4
Correto! adr=570, esperado=e9b08370, recebido=e9b08370
Correto! adr=571, esperado=3c1699be, recebido=3c1699be
Correto! adr=572, esperado=60409214, recebido=60409214
Correto! adr=573, esperado=cc15f1dc, recebido=cc15f1dc
Correto! adr=574, esperado=79d0bc0f, recebido=79d0bc0f
Correto! adr=575, esperado=1a0bff19, recebido=1a0bff19
Correto! adr=576, esperado=90e6e65a, recebido=90e6e65a
Correto! adr=577, esperado=ec802a1d, recebido=ec802a1d
Correto! adr=578, esperado=0bbe7aa1, recebido=0bbe7aa1
Correto! adr=579, esperado=13110a86, recebido=13110a86
Correto! adr=580, esperado=41bb9abd, recebido=41bb9abd
Correto! adr=581, esperado=ecc1cdc8, recebido=ecc1cdc8
Correto! adr=582, esperado=059001f1, recebido=059001f1
Correto! adr=583, esperado=d0fef1c3, recebido=d0fef1c3
Correto! adr=584, esperado=002ccfe5, recebido=002ccfe5
Correto! adr=585, esperado=6774ef27, recebido=6774ef27
Correto! adr=586, esperado=c8683964, recebido=c8683964
Correto! adr=587, esperado=ba932f89, recebido=ba932f89
Correto! adr=588, esperado=6371dad7, recebido=6371dad7
Correto! adr=589, esperado=90e06b43, recebido=90e06b43
Correto! adr=590, esperado=99f5287f, recebido=99f5287f
Correto! adr=591, esperado=58fd4b0e, recebido=58fd4b0e
Correto! adr=592, esperado=4e0e3874, recebido=4e0e3874
Correto! adr=593, esperado=b478e95f, recebido=b478e95f
Correto! adr=594, esperado=bdf1e260, recebido=bdf1e260
Correto! adr=595, esperado=6d558f84, recebido=6d558f84
Correto! adr=596, esperado=5f55f0f9, recebido=5f55f0f9
Correto! adr=597, esperado=625cca7d, recebido=625cca7d
Correto! adr=598, esperado=bfa3e141, recebido=bfa3e141
Correto! adr=599, esperado=b622b399, recebido=b622b399
Correto! adr=600, esperado=94e06b7f, recebido=94e06b7f
Correto! adr=601, esperado=4cd708d6, recebido=4cd708d6
Correto! adr=602, esperado=eb5cd1fb, recebido=eb5cd1fb
Correto! adr=603, esperado=64d370f8, recebido=64d370f8
Correto! adr=604, esperado=1c19b17b, recebido=1c19b17b
Correto! adr=605, esperado=d5e10764, recebido=d5e10764
Correto! adr=606, esperado=f7fccf7f, recebido=f7fccf7f
Correto! adr=607, esperado=43480bc4, recebido=43480bc4
Correto! adr=608, esperado=53b4223d, recebido=53b4223d
Correto! adr=609, esperado=4c9c515b, recebido=4c9c515b
Correto! adr=610, esperado=e06c0e5d, recebido=e06c0e5d
Correto! adr=611, esperado=8949ca22, recebido=8949ca22
Correto! adr=612, esperado=fd329673, recebido=fd329673
Correto! adr=613, esperado=dad949a9, recebido=dad949a9
Correto! adr=614, esperado=ed24f83f, recebido=ed24f83f
Correto! adr=615, esperado=620b5bae, recebido=620b5bae
Correto! adr=616, esperado=9e5ef3a5, recebido=9e5ef3a5
Correto! adr=617, esperado=2293ca7b, recebido=2293ca7b
Correto! adr=618, esperado=eda5b76c, recebido=eda5b76c
Correto! adr=619, esperado=21b03102, recebido=21b03102
Correto! adr=620, esperado=12d12fb8, recebido=12d12fb8
Correto! adr=621, esperado=8b71b4b9, recebido=8b71b4b9
Correto! adr=622, esperado=a1fd3248, recebido=a1fd3248
Correto! adr=623, esperado=2ac5c335, recebido=2ac5c335
Correto! adr=624, esperado=4d70c46e, recebido=4d70c46e
Correto! adr=625, esperado=40466f87, recebido=40466f87
Correto! adr=626, esperado=544876d0, recebido=544876d0
Correto! adr=627, esperado=83c4cb57, recebido=83c4cb57
Correto! adr=628, esperado=49ea92e2, recebido=49ea92e2
Correto! adr=629, esperado=dc9257c4, recebido=dc9257c4
Correto! adr=630, esperado=a22b9621, recebido=a22b9621
Correto! adr=631, esperado=1c9269f8, recebido=1c9269f8
Correto! adr=632, esperado=2e3d370e, recebido=2e3d370e
Correto! adr=633, esperado=ca001f8d, recebido=ca001f8d
Correto! adr=634, esperado=7659eff0, recebido=7659eff0
Correto! adr=635, esperado=c4003ea1, recebido=c4003ea1
Correto! adr=636, esperado=9c30cb47, recebido=9c30cb47
Correto! adr=637, esperado=4de71db8, recebido=4de71db8
Correto! adr=638, esperado=3210ee11, recebido=3210ee11
Correto! adr=639, esperado=cd4c6f57, recebido=cd4c6f57
Correto! adr=640, esperado=32d81bbe, recebido=32d81bbe
Correto! adr=641, esperado=46cc8d5c, recebido=46cc8d5c
Correto! adr=642, esperado=069b2ff2, recebido=069b2ff2
Correto! adr=643, esperado=659fa01d, recebido=659fa01d
Correto! adr=644, esperado=401549ff, recebido=401549ff
Correto! adr=645, esperado=99ddbd46, recebido=99ddbd46
Correto! adr=646, esperado=7ed0261f, recebido=7ed0261f
Correto! adr=647, esperado=998eda70, recebido=998eda70
Correto! adr=648, esperado=a215e073, recebido=a215e073
Correto! adr=649, esperado=50752f83, recebido=50752f83
Correto! adr=650, esperado=38921dbe, recebido=38921dbe
Correto! adr=651, esperado=0a9b64cb, recebido=0a9b64cb
Correto! adr=652, esperado=d8ce55e0, recebido=d8ce55e0
Correto! adr=653, esperado=659da8db, recebido=659da8db
Correto! adr=654, esperado=ce4ebc12, recebido=ce4ebc12
Correto! adr=655, esperado=54b48a23, recebido=54b48a23
Correto! adr=656, esperado=478500e5, recebido=478500e5
Correto! adr=657, esperado=43873052, recebido=43873052
Correto! adr=658, esperado=f07fe9fb, recebido=f07fe9fb
Correto! adr=659, esperado=23b1516b, recebido=23b1516b
Correto! adr=660, esperado=a64c7b81, recebido=a64c7b81
Correto! adr=661, esperado=f112fea7, recebido=f112fea7
Correto! adr=662, esperado=af2c2f72, recebido=af2c2f72
Correto! adr=663, esperado=f8d8250f, recebido=f8d8250f
Correto! adr=664, esperado=a37e768b, recebido=a37e768b
Correto! adr=665, esperado=ef4b5dd6, recebido=ef4b5dd6
Correto! adr=666, esperado=f3677f0f, recebido=f3677f0f
Correto! adr=667, esperado=a05b6a7a, recebido=a05b6a7a
Correto! adr=668, esperado=b543fd3a, recebido=b543fd3a
Correto! adr=669, esperado=c6e97898, recebido=c6e97898
Correto! adr=670, esperado=28ce7184, recebido=28ce7184
Correto! adr=671, esperado=56d60992, recebido=56d60992
Correto! adr=672, esperado=1b10289c, recebido=1b10289c
Correto! adr=673, esperado=45ce19e0, recebido=45ce19e0
Correto! adr=674, esperado=170bf121, recebido=170bf121
Correto! adr=675, esperado=9ed3e438, recebido=9ed3e438
Correto! adr=676, esperado=0f264320, recebido=0f264320
Correto! adr=677, esperado=6c8b5c5f, recebido=6c8b5c5f
Correto! adr=678, esperado=eb565551, recebido=eb565551
Correto! adr=679, esperado=c6483dcb, recebido=c6483dcb
Correto! adr=680, esperado=28105c0f, recebido=28105c0f
Correto! adr=681, esperado=0bda49ff, recebido=0bda49ff
Correto! adr=682, esperado=71f0ee1a, recebido=71f0ee1a
Correto! adr=683, esperado=1c1612a4, recebido=1c1612a4
Correto! adr=684, esperado=ea274b0d, recebido=ea274b0d
Correto! adr=685, esperado=12246b69, recebido=12246b69
Correto! adr=686, esperado=7fa8ff9f, recebido=7fa8ff9f
Correto! adr=687, esperado=d58a5f9a, recebido=d58a5f9a
Correto! adr=688, esperado=8910239b, recebido=8910239b
Correto! adr=689, esperado=88fa4780, recebido=88fa4780
Correto! adr=690, esperado=8b582d9f, recebido=8b582d9f
Correto! adr=691, esperado=a3dd597d, recebido=a3dd597d
Correto! adr=692, esperado=d93b1895, recebido=d93b1895
Correto! adr=693, esperado=429ed2e5, recebido=429ed2e5
Correto! adr=694, esperado=776656f4, recebido=776656f4
Correto! adr=695, esperado=f9b6949d, recebido=f9b6949d
Correto! adr=696, esperado=7163cfb6, recebido=7163cfb6
Correto! adr=697, esperado=377acf74, recebido=377acf74
Correto! adr=698, esperado=8b45e117, recebido=8b45e117
Correto! adr=699, esperado=00a51c42, recebido=00a51c42
Correto! adr=700, esperado=fc132511, recebido=fc132511
Correto! adr=701, esperado=93a51bc4, recebido=93a51bc4
Correto! adr=702, esperado=9cf47399, recebido=9cf47399
Correto! adr=703, esperado=3ea77a34, recebido=3ea77a34
Correto! adr=704, esperado=b91d5e98, recebido=b91d5e98
Correto! adr=705, esperado=7463f2a9, recebido=7463f2a9
Correto! adr=706, esperado=6a7c23aa, recebido=6a7c23aa
Correto! adr=707, esperado=eba7ae33, recebido=eba7ae33
Correto! adr=708, esperado=2f23cf98, recebido=2f23cf98
Correto! adr=709, esperado=55a41ab3, recebido=55a41ab3
Correto! adr=710, esperado=23740f94, recebido=23740f94
Correto! adr=711, esperado=f6f9157d, recebido=f6f9157d
Correto! adr=712, esperado=0d10ec39, recebido=0d10ec39
Correto! adr=713, esperado=2f8205ae, recebido=2f8205ae
Correto! adr=714, esperado=227f6a3f, recebido=227f6a3f
Correto! adr=715, esperado=bcdf424d, recebido=bcdf424d
Correto! adr=716, esperado=3b9ecd00, recebido=3b9ecd00
Correto! adr=717, esperado=43c5e022, recebido=43c5e022
Correto! adr=718, esperado=d6caf6ad, recebido=d6caf6ad
Correto! adr=719, esperado=6c06c358, recebido=6c06c358
Correto! adr=720, esperado=1ecf224e, recebido=1ecf224e
Correto! adr=721, esperado=9b6190d3, recebido=9b6190d3
Correto! adr=722, esperado=dd91f37c, recebido=dd91f37c
Correto! adr=723, esperado=1b08db50, recebido=1b08db50
Correto! adr=724, esperado=077697e0, recebido=077697e0
Correto! adr=725, esperado=33f4a840, recebido=33f4a840
Correto! adr=726, esperado=4b997669, recebido=4b997669
Correto! adr=727, esperado=8dea2863, recebido=8dea2863
Correto! adr=728, esperado=d4aea84f, recebido=d4aea84f
Correto! adr=729, esperado=dd4b4025, recebido=dd4b4025
Correto! adr=730, esperado=26b537c9, recebido=26b537c9
Correto! adr=731, esperado=ab9d3bbb, recebido=ab9d3bbb
Correto! adr=732, esperado=c55fe08f, recebido=c55fe08f
Correto! adr=733, esperado=c6dccafb, recebido=c6dccafb
Correto! adr=734, esperado=0f43ce10, recebido=0f43ce10
Correto! adr=735, esperado=a37f20fe, recebido=a37f20fe
Correto! adr=736, esperado=79bf9372, recebido=79bf9372
Correto! adr=737, esperado=bd4bd375, recebido=bd4bd375
Correto! adr=738, esperado=19ad594d, recebido=19ad594d
Correto! adr=739, esperado=c2d9d5cd, recebido=c2d9d5cd
Correto! adr=740, esperado=24cdfd25, recebido=24cdfd25
Correto! adr=741, esperado=17e7ac03, recebido=17e7ac03
Correto! adr=742, esperado=d7eb9eaa, recebido=d7eb9eaa
Correto! adr=743, esperado=fa61b147, recebido=fa61b147
Correto! adr=744, esperado=edd5d6b0, recebido=edd5d6b0
Correto! adr=745, esperado=562c0e51, recebido=562c0e51
Correto! adr=746, esperado=92fe93ee, recebido=92fe93ee
Correto! adr=747, esperado=13b7bb85, recebido=13b7bb85
Correto! adr=748, esperado=81f15978, recebido=81f15978
Correto! adr=749, esperado=6d41aac7, recebido=6d41aac7
Correto! adr=750, esperado=b4755afc, recebido=b4755afc
Correto! adr=751, esperado=96eaf51e, recebido=96eaf51e
Correto! adr=752, esperado=d584b2be, recebido=d584b2be
Correto! adr=753, esperado=c57aa809, recebido=c57aa809
Correto! adr=754, esperado=5feaad54, recebido=5feaad54
Correto! adr=755, esperado=5ff28ea2, recebido=5ff28ea2
Correto! adr=756, esperado=15bee720, recebido=15bee720
Correto! adr=757, esperado=e7d51276, recebido=e7d51276
Correto! adr=758, esperado=3c84b78f, recebido=3c84b78f
Correto! adr=759, esperado=e4351021, recebido=e4351021
Correto! adr=760, esperado=ca1d2615, recebido=ca1d2615
Correto! adr=761, esperado=db7f3baa, recebido=db7f3baa
Correto! adr=762, esperado=6e7564e5, recebido=6e7564e5
Correto! adr=763, esperado=280570a3, recebido=280570a3
Correto! adr=764, esperado=25e98d73, recebido=25e98d73
Correto! adr=765, esperado=334d09fe, recebido=334d09fe
Correto! adr=766, esperado=c07a1aa9, recebido=c07a1aa9
Correto! adr=767, esperado=641e1daf, recebido=641e1daf
Correto! adr=768, esperado=89b55cea, recebido=89b55cea
Correto! adr=769, esperado=cb453805, recebido=cb453805
Correto! adr=770, esperado=fd60e3c9, recebido=fd60e3c9
Correto! adr=771, esperado=5b2af2c7, recebido=5b2af2c7
Correto! adr=772, esperado=34e39988, recebido=34e39988
Correto! adr=773, esperado=3616840f, recebido=3616840f
Correto! adr=774, esperado=797b0c51, recebido=797b0c51
Correto! adr=775, esperado=5f3f20e8, recebido=5f3f20e8
Correto! adr=776, esperado=271f2135, recebido=271f2135
Correto! adr=777, esperado=da99cfa8, recebido=da99cfa8
Correto! adr=778, esperado=cc2f2ce7, recebido=cc2f2ce7
Correto! adr=779, esperado=075e060d, recebido=075e060d
Correto! adr=780, esperado=31e02e36, recebido=31e02e36
Correto! adr=781, esperado=c1582f18, recebido=c1582f18
Correto! adr=782, esperado=b969a64e, recebido=b969a64e
Correto! adr=783, esperado=94f4f4ab, recebido=94f4f4ab
Correto! adr=784, esperado=39ec4aad, recebido=39ec4aad
Correto! adr=785, esperado=1206e8e3, recebido=1206e8e3
Correto! adr=786, esperado=4b258ce5, recebido=4b258ce5
Correto! adr=787, esperado=095aeb34, recebido=095aeb34
Correto! adr=788, esperado=a8d3b415, recebido=a8d3b415
Correto! adr=789, esperado=41016548, recebido=41016548
Correto! adr=790, esperado=1ae80427, recebido=1ae80427
Correto! adr=791, esperado=eb573b96, recebido=eb573b96
Correto! adr=792, esperado=0e712ec9, recebido=0e712ec9
Correto! adr=793, esperado=ecd50dc3, recebido=ecd50dc3
Correto! adr=794, esperado=cb450a2b, recebido=cb450a2b
Correto! adr=795, esperado=bc9b22bb, recebido=bc9b22bb
Correto! adr=796, esperado=f26f497c, recebido=f26f497c
Correto! adr=797, esperado=6bba1c8d, recebido=6bba1c8d
Correto! adr=798, esperado=b15bb323, recebido=b15bb323
Correto! adr=799, esperado=1f435009, recebido=1f435009
Correto! adr=800, esperado=d5c110bf, recebido=d5c110bf
Correto! adr=801, esperado=09135c19, recebido=09135c19
Correto! adr=802, esperado=ae53d4df, recebido=ae53d4df
Correto! adr=803, esperado=ab5a5ce1, recebido=ab5a5ce1
Correto! adr=804, esperado=64273280, recebido=64273280
Correto! adr=805, esperado=f2efd697, recebido=f2efd697
Correto! adr=806, esperado=38e3224a, recebido=38e3224a
Correto! adr=807, esperado=74543422, recebido=74543422
Correto! adr=808, esperado=d5ad9188, recebido=d5ad9188
Correto! adr=809, esperado=d7897573, recebido=d7897573
Correto! adr=810, esperado=96d0b6e9, recebido=96d0b6e9
Correto! adr=811, esperado=3e9369a5, recebido=3e9369a5
Correto! adr=812, esperado=802d48fb, recebido=802d48fb
Correto! adr=813, esperado=32ca90d5, recebido=32ca90d5
Correto! adr=814, esperado=46661261, recebido=46661261
Correto! adr=815, esperado=64e581c0, recebido=64e581c0
Correto! adr=816, esperado=98ca1fd9, recebido=98ca1fd9
Correto! adr=817, esperado=4bc46f20, recebido=4bc46f20
Correto! adr=818, esperado=980083f0, recebido=980083f0
Correto! adr=819, esperado=6e0128c6, recebido=6e0128c6
Correto! adr=820, esperado=25756c81, recebido=25756c81
Correto! adr=821, esperado=e237b475, recebido=e237b475
Correto! adr=822, esperado=778505f1, recebido=778505f1
Correto! adr=823, esperado=520f5a83, recebido=520f5a83
Correto! adr=824, esperado=1e6a682a, recebido=1e6a682a
Correto! adr=825, esperado=8c0ec230, recebido=8c0ec230
Correto! adr=826, esperado=65e7895a, recebido=65e7895a
Correto! adr=827, esperado=702079c3, recebido=702079c3
Correto! adr=828, esperado=bfb2f26b, recebido=bfb2f26b
Correto! adr=829, esperado=c2e10668, recebido=c2e10668
Correto! adr=830, esperado=a2a4b140, recebido=a2a4b140
Correto! adr=831, esperado=33b057ca, recebido=33b057ca
Correto! adr=832, esperado=0aa1c4b3, recebido=0aa1c4b3
Correto! adr=833, esperado=a1733b71, recebido=a1733b71
Correto! adr=834, esperado=8546fe4f, recebido=8546fe4f
Correto! adr=835, esperado=6a292bdb, recebido=6a292bdb
Correto! adr=836, esperado=775715cf, recebido=775715cf
Correto! adr=837, esperado=5132975b, recebido=5132975b
Correto! adr=838, esperado=06e56a54, recebido=06e56a54
Correto! adr=839, esperado=48607ab3, recebido=48607ab3
Correto! adr=840, esperado=d640ad68, recebido=d640ad68
Correto! adr=841, esperado=27bceb72, recebido=27bceb72
Correto! adr=842, esperado=7ba273b6, recebido=7ba273b6
Correto! adr=843, esperado=2018ee0d, recebido=2018ee0d
Correto! adr=844, esperado=61966784, recebido=61966784
Correto! adr=845, esperado=7457b3bd, recebido=7457b3bd
Correto! adr=846, esperado=7c2b98f6, recebido=7c2b98f6
Correto! adr=847, esperado=c57c1c1d, recebido=c57c1c1d
Correto! adr=848, esperado=fedc2803, recebido=fedc2803
Correto! adr=849, esperado=fd761682, recebido=fd761682
Correto! adr=850, esperado=ff3c4435, recebido=ff3c4435
Correto! adr=851, esperado=a4a73f17, recebido=a4a73f17
Correto! adr=852, esperado=b0633e22, recebido=b0633e22
Correto! adr=853, esperado=2e38d3bf, recebido=2e38d3bf
Correto! adr=854, esperado=a31b26ac, recebido=a31b26ac
Correto! adr=855, esperado=871fdca8, recebido=871fdca8
Correto! adr=856, esperado=36c837fa, recebido=36c837fa
Correto! adr=857, esperado=f3ea24b0, recebido=f3ea24b0
Correto! adr=858, esperado=27190434, recebido=27190434
Correto! adr=859, esperado=09535d7a, recebido=09535d7a
Correto! adr=860, esperado=e27225ff, recebido=e27225ff
Correto! adr=861, esperado=4b838b4e, recebido=4b838b4e
Correto! adr=862, esperado=1515eebd, recebido=1515eebd
Correto! adr=863, esperado=c02294b3, recebido=c02294b3
Correto! adr=864, esperado=95154e83, recebido=95154e83
Correto! adr=865, esperado=7f2591cc, recebido=7f2591cc
Correto! adr=866, esperado=9afbf1d9, recebido=9afbf1d9
Correto! adr=867, esperado=0e563774, recebido=0e563774
Correto! adr=868, esperado=f3335133, recebido=f3335133
Correto! adr=869, esperado=13a17a1a, recebido=13a17a1a
Correto! adr=870, esperado=943f2e31, recebido=943f2e31
Correto! adr=871, esperado=aa23445c, recebido=aa23445c
Correto! adr=872, esperado=c598ba97, recebido=c598ba97
Correto! adr=873, esperado=65f1dd64, recebido=65f1dd64
Correto! adr=874, esperado=c364650c, recebido=c364650c
Correto! adr=875, esperado=d2aa5b04, recebido=d2aa5b04
Correto! adr=876, esperado=8adc0794, recebido=8adc0794
Correto! adr=877, esperado=f8be3b92, recebido=f8be3b92
Correto! adr=878, esperado=3b7af3cd, recebido=3b7af3cd
Correto! adr=879, esperado=357a0382, recebido=357a0382
Correto! adr=880, esperado=38e318eb, recebido=38e318eb
Correto! adr=881, esperado=71da7ac7, recebido=71da7ac7
Correto! adr=882, esperado=f9993f73, recebido=f9993f73
Correto! adr=883, esperado=840ce5e9, recebido=840ce5e9
Correto! adr=884, esperado=2e5f16b9, recebido=2e5f16b9
Correto! adr=885, esperado=47c456e4, recebido=47c456e4
Correto! adr=886, esperado=ae69901a, recebido=ae69901a
Correto! adr=887, esperado=b945f1c5, recebido=b945f1c5
Correto! adr=888, esperado=544ac3f7, recebido=544ac3f7
Correto! adr=889, esperado=1f29c104, recebido=1f29c104
Correto! adr=890, esperado=b79c5c76, recebido=b79c5c76
Correto! adr=891, esperado=0ef575a2, recebido=0ef575a2
Correto! adr=892, esperado=6f6e41fa, recebido=6f6e41fa
Correto! adr=893, esperado=d8602f00, recebido=d8602f00
Correto! adr=894, esperado=4970055d, recebido=4970055d
Correto! adr=895, esperado=a35c2684, recebido=a35c2684
Correto! adr=896, esperado=a1df43f2, recebido=a1df43f2
Correto! adr=897, esperado=4cebdaeb, recebido=4cebdaeb
Correto! adr=898, esperado=c830013c, recebido=c830013c
Correto! adr=899, esperado=cea2176d, recebido=cea2176d
Correto! adr=900, esperado=1c7db26d, recebido=1c7db26d
Correto! adr=901, esperado=bcfaf295, recebido=bcfaf295
Correto! adr=902, esperado=51b2779f, recebido=51b2779f
Correto! adr=903, esperado=285ca0dc, recebido=285ca0dc
Correto! adr=904, esperado=0075bed3, recebido=0075bed3
Correto! adr=905, esperado=eceab70a, recebido=eceab70a
Correto! adr=906, esperado=76d84cac, recebido=76d84cac
Correto! adr=907, esperado=3d0c384b, recebido=3d0c384b
Correto! adr=908, esperado=70bf66e9, recebido=70bf66e9
Correto! adr=909, esperado=f2c08c12, recebido=f2c08c12
Correto! adr=910, esperado=25119ca6, recebido=25119ca6
Correto! adr=911, esperado=f3a037af, recebido=f3a037af
Correto! adr=912, esperado=d39f6851, recebido=d39f6851
Correto! adr=913, esperado=b3b1f7b0, recebido=b3b1f7b0
Correto! adr=914, esperado=bfd7a76c, recebido=bfd7a76c
Correto! adr=915, esperado=a2ef94fa, recebido=a2ef94fa
Correto! adr=916, esperado=4427a406, recebido=4427a406
Correto! adr=917, esperado=119b91a5, recebido=119b91a5
Correto! adr=918, esperado=6a302bf8, recebido=6a302bf8
Correto! adr=919, esperado=d741899a, recebido=d741899a
Correto! adr=920, esperado=33b1f1e2, recebido=33b1f1e2
Correto! adr=921, esperado=c88be2ec, recebido=c88be2ec
Correto! adr=922, esperado=803033e3, recebido=803033e3
Correto! adr=923, esperado=c7c729f8, recebido=c7c729f8
Correto! adr=924, esperado=3b67641a, recebido=3b67641a
Correto! adr=925, esperado=fc37353e, recebido=fc37353e
Correto! adr=926, esperado=40734edf, recebido=40734edf
Correto! adr=927, esperado=7c1decfc, recebido=7c1decfc
Correto! adr=928, esperado=1dbdfabe, recebido=1dbdfabe
Correto! adr=929, esperado=7583528e, recebido=7583528e
Correto! adr=930, esperado=a5a63e39, recebido=a5a63e39
Correto! adr=931, esperado=a1cd2386, recebido=a1cd2386
Correto! adr=932, esperado=f7f3c73c, recebido=f7f3c73c
Correto! adr=933, esperado=8ffe348c, recebido=8ffe348c
Correto! adr=934, esperado=6ffd105f, recebido=6ffd105f
Correto! adr=935, esperado=11cc5ff5, recebido=11cc5ff5
Correto! adr=936, esperado=a3967fdd, recebido=a3967fdd
Correto! adr=937, esperado=d765a424, recebido=d765a424
Correto! adr=938, esperado=5ebcac55, recebido=5ebcac55
Correto! adr=939, esperado=05fdcda2, recebido=05fdcda2
Correto! adr=940, esperado=47fe8344, recebido=47fe8344
Correto! adr=941, esperado=551dc8fd, recebido=551dc8fd
Correto! adr=942, esperado=99b0cd40, recebido=99b0cd40
Correto! adr=943, esperado=feab7863, recebido=feab7863
Correto! adr=944, esperado=1bd04bf4, recebido=1bd04bf4
Correto! adr=945, esperado=8dbaa8fd, recebido=8dbaa8fd
Correto! adr=946, esperado=4ab56dde, recebido=4ab56dde
Correto! adr=947, esperado=5812840b, recebido=5812840b
Correto! adr=948, esperado=567b53c8, recebido=567b53c8
Correto! adr=949, esperado=2e7d97c2, recebido=2e7d97c2
Correto! adr=950, esperado=6730a409, recebido=6730a409
Correto! adr=951, esperado=8fd553e6, recebido=8fd553e6
Correto! adr=952, esperado=51bd677b, recebido=51bd677b
Correto! adr=953, esperado=6acf9628, recebido=6acf9628
Correto! adr=954, esperado=a994ec3a, recebido=a994ec3a
Correto! adr=955, esperado=3a86a23f, recebido=3a86a23f
Correto! adr=956, esperado=db1d6a20, recebido=db1d6a20
Correto! adr=957, esperado=09c9a1c8, recebido=09c9a1c8
Correto! adr=958, esperado=badfe502, recebido=badfe502
Correto! adr=959, esperado=a92487dc, recebido=a92487dc
Correto! adr=960, esperado=b57088a9, recebido=b57088a9
Correto! adr=961, esperado=23aef474, recebido=23aef474
Correto! adr=962, esperado=8c1c7a90, recebido=8c1c7a90
Correto! adr=963, esperado=3e96737f, recebido=3e96737f
Correto! adr=964, esperado=4a56dd62, recebido=4a56dd62
Correto! adr=965, esperado=8f6d33be, recebido=8f6d33be
Correto! adr=966, esperado=dfe18230, recebido=dfe18230
Correto! adr=967, esperado=75331165, recebido=75331165
Correto! adr=968, esperado=8bbd8374, recebido=8bbd8374
Correto! adr=969, esperado=00229071, recebido=00229071
Correto! adr=970, esperado=03d1c5c8, recebido=03d1c5c8
Correto! adr=971, esperado=943c22c8, recebido=943c22c8
Correto! adr=972, esperado=055b1a65, recebido=055b1a65
Correto! adr=973, esperado=d294d615, recebido=d294d615
Correto! adr=974, esperado=ba197f5c, recebido=ba197f5c
Correto! adr=975, esperado=155e455f, recebido=155e455f
Correto! adr=976, esperado=1e35b995, recebido=1e35b995
Correto! adr=977, esperado=8ab76a6d, recebido=8ab76a6d
Correto! adr=978, esperado=52f44489, recebido=52f44489
Correto! adr=979, esperado=ba32aadb, recebido=ba32aadb
Correto! adr=980, esperado=8a1d53c1, recebido=8a1d53c1
Correto! adr=981, esperado=01293cfa, recebido=01293cfa
Correto! adr=982, esperado=f629620c, recebido=f629620c
Correto! adr=983, esperado=51bfc06a, recebido=51bfc06a
Correto! adr=984, esperado=eb2d8a81, recebido=eb2d8a81
Correto! adr=985, esperado=40b6a677, recebido=40b6a677
Correto! adr=986, esperado=1c89a73a, recebido=1c89a73a
Correto! adr=987, esperado=2df5c636, recebido=2df5c636
Correto! adr=988, esperado=a350f1cc, recebido=a350f1cc
Correto! adr=989, esperado=13d6385d, recebido=13d6385d
Correto! adr=990, esperado=3974a187, recebido=3974a187
Correto! adr=991, esperado=493256e4, recebido=493256e4
Correto! adr=992, esperado=d5b8c371, recebido=d5b8c371
Correto! adr=993, esperado=422c7c5f, recebido=422c7c5f
Correto! adr=994, esperado=94544801, recebido=94544801
Correto! adr=995, esperado=1bbedf17, recebido=1bbedf17
Correto! adr=996, esperado=9866029d, recebido=9866029d
Correto! adr=997, esperado=7e07a3ed, recebido=7e07a3ed
Correto! adr=998, esperado=521e16d4, recebido=521e16d4
Correto! adr=999, esperado=215104ed, recebido=215104ed
Correto! adr=1000, esperado=55a70f5a, recebido=55a70f5a
Correto! adr=1001, esperado=01e327b2, recebido=01e327b2
Correto! adr=1002, esperado=aed69ac6, recebido=aed69ac6
Correto! adr=1003, esperado=0e8aff7f, recebido=0e8aff7f
Correto! adr=1004, esperado=5d94aa0c, recebido=5d94aa0c
Correto! adr=1005, esperado=dde65718, recebido=dde65718
Correto! adr=1006, esperado=670a6cba, recebido=670a6cba
Correto! adr=1007, esperado=b677de63, recebido=b677de63
Correto! adr=1008, esperado=a78f66f4, recebido=a78f66f4
Correto! adr=1009, esperado=f566d7c1, recebido=f566d7c1
Correto! adr=1010, esperado=51549d2f, recebido=51549d2f
Correto! adr=1011, esperado=a012c12b, recebido=a012c12b
Correto! adr=1012, esperado=c3cb91af, recebido=c3cb91af
Correto! adr=1013, esperado=ac60150e, recebido=ac60150e
Correto! adr=1014, esperado=27da8fc0, recebido=27da8fc0
Correto! adr=1015, esperado=4bc0fee6, recebido=4bc0fee6
Correto! adr=1016, esperado=fcc380b5, recebido=fcc380b5
Correto! adr=1017, esperado=45009f9a, recebido=45009f9a
Correto! adr=1018, esperado=81cf46a4, recebido=81cf46a4
Correto! adr=1019, esperado=28d23d9c, recebido=28d23d9c
Correto! adr=1020, esperado=a8bf58dd, recebido=a8bf58dd
Correto! adr=1021, esperado=ed1e7cbe, recebido=ed1e7cbe
Correto! adr=1022, esperado=fcf21e2d, recebido=fcf21e2d
Correto! adr=1023, esperado=3b0679d4, recebido=3b0679d4
Fim da simulao
Total de verificaes: 1024
Acertos: 1024
Erros: 0
Simulation complete via $finish(1) at time 10245 NS + 0
../testbench/rom_tb.sv:37             $finish;
xcelium> exit
TOOL:	xrun(64)	24.09-s001: Exiting on May 19, 2025 at 14:15:29 -03  (total: 00:00:00)
