============================================================
  Generated by:           Genus(TM) Synthesis Solution 21.18-s082_1
  Generated on:           May 22 2025  02:01:39 pm
  Module:                 rom
  Operating conditions:   PVT_0P9V_125C 
  Operating conditions:   PVT_1P32V_0C 
  Interconnect mode:      global
  Area mode:              physical library
============================================================

Timing
-------
  Cost    Critical         Violating 
 Group   Path Slack  TNS     Paths   
-------------------------------------
default    No paths   0.0            
-------------------------------------
Total                 0.0          0 

Instance Count
--------------
Leaf Instance Count             186 
Physical Instance count           0 
Sequential Instance Count         0 
Combinational Instance Count    186 
Hierarchical Instance Count       2 

Area
----
Cell Area                          359.100
Physical Cell Area                 0.000
Total Cell Area (Cell+Physical)    359.100
Net Area                           238.467
Total Area (Cell+Physical+Net)     597.567

Max Fanout                         32 (cs)
Min Fanout                         0 (mtrx_out[0])
Average Fanout                     1.7
Terms to net ratio                 2.3502
Terms to instance ratio            2.9946
Runtime                            8.563638 seconds
Elapsed Runtime                    9 seconds
Genus peak memory usage            1781.73 
Innovus peak memory usage          no_value 
Hostname                           eltonsilva
